make: Gehe in Verzeichnis '/home/groeg/JonDoBrowser/stable/testing/mozilla-central/obj-i686-pc-linux-gnu'
/home/groeg/JonDoBrowser/stable/testing/mozilla-central/obj-i686-pc-linux-gnu/_virtualenv/bin/python -u /home/groeg/JonDoBrowser/stable/testing/mozilla-central/config/pythonpath.py \
	  -I/home/groeg/JonDoBrowser/stable/testing/mozilla-central/build -I./_tests/mozbase/mozinfo \
	  /home/groeg/JonDoBrowser/stable/testing/mozilla-central/testing/xpcshell/runxpcshelltests.py \
	  --manifest=./_tests/xpcshell/xpcshell.ini \
	  --build-info-json=./mozinfo.json \
	  --no-logfiles \
	  --tests-root-dir=/home/groeg/JonDoBrowser/stable/testing/mozilla-central/obj-i686-pc-linux-gnu/_tests/xpcshell \
	  --testing-modules-dir=/home/groeg/JonDoBrowser/stable/testing/mozilla-central/obj-i686-pc-linux-gnu/_tests/modules \
	  --xunit-file=/home/groeg/JonDoBrowser/stable/testing/mozilla-central/obj-i686-pc-linux-gnu/_tests/xpcshell/results.xml \
	  --xunit-suite-name=xpcshell \
          --symbols-path=./dist/crashreporter-symbols \
	    \
	  /home/groeg/JonDoBrowser/stable/testing/mozilla-central/obj-i686-pc-linux-gnu/dist/bin/xpcshell
TEST-INFO | /home/groeg/JonDoBrowser/stable/testing/mozilla-central/obj-i686-pc-linux-gnu/_tests/xpcshell/chrome/test/unit/test_abi.js | running test ...
TEST-PASS | /home/groeg/JonDoBrowser/stable/testing/mozilla-central/obj-i686-pc-linux-gnu/_tests/xpcshell/chrome/test/unit/test_abi.js | test passed (time: 54.940ms)
TEST-INFO | /home/groeg/JonDoBrowser/stable/testing/mozilla-central/obj-i686-pc-linux-gnu/_tests/xpcshell/chrome/test/unit/test_bug292789.js | running test ...
TEST-PASS | /home/groeg/JonDoBrowser/stable/testing/mozilla-central/obj-i686-pc-linux-gnu/_tests/xpcshell/chrome/test/unit/test_bug292789.js | test passed (time: 42.349ms)
TEST-INFO | /home/groeg/JonDoBrowser/stable/testing/mozilla-central/obj-i686-pc-linux-gnu/_tests/xpcshell/chrome/test/unit/test_bug380398.js | running test ...
TEST-PASS | /home/groeg/JonDoBrowser/stable/testing/mozilla-central/obj-i686-pc-linux-gnu/_tests/xpcshell/chrome/test/unit/test_bug380398.js | test passed (time: 46.244ms)
TEST-INFO | /home/groeg/JonDoBrowser/stable/testing/mozilla-central/obj-i686-pc-linux-gnu/_tests/xpcshell/chrome/test/unit/test_bug397073.js | running test ...
TEST-PASS | /home/groeg/JonDoBrowser/stable/testing/mozilla-central/obj-i686-pc-linux-gnu/_tests/xpcshell/chrome/test/unit/test_bug397073.js | test passed (time: 46.196ms)
TEST-INFO | /home/groeg/JonDoBrowser/stable/testing/mozilla-central/obj-i686-pc-linux-gnu/_tests/xpcshell/chrome/test/unit/test_bug399707.js | running test ...
TEST-PASS | /home/groeg/JonDoBrowser/stable/testing/mozilla-central/obj-i686-pc-linux-gnu/_tests/xpcshell/chrome/test/unit/test_bug399707.js | test passed (time: 52.462ms)
TEST-INFO | /home/groeg/JonDoBrowser/stable/testing/mozilla-central/obj-i686-pc-linux-gnu/_tests/xpcshell/chrome/test/unit/test_bug401153.js | running test ...
TEST-PASS | /home/groeg/JonDoBrowser/stable/testing/mozilla-central/obj-i686-pc-linux-gnu/_tests/xpcshell/chrome/test/unit/test_bug401153.js | test passed (time: 53.194ms)
TEST-INFO | /home/groeg/JonDoBrowser/stable/testing/mozilla-central/obj-i686-pc-linux-gnu/_tests/xpcshell/chrome/test/unit/test_bug415367.js | running test ...
TEST-PASS | /home/groeg/JonDoBrowser/stable/testing/mozilla-central/obj-i686-pc-linux-gnu/_tests/xpcshell/chrome/test/unit/test_bug415367.js | test passed (time: 45.083ms)
TEST-INFO | /home/groeg/JonDoBrowser/stable/testing/mozilla-central/obj-i686-pc-linux-gnu/_tests/xpcshell/chrome/test/unit/test_bug519468.js | running test ...
TEST-PASS | /home/groeg/JonDoBrowser/stable/testing/mozilla-central/obj-i686-pc-linux-gnu/_tests/xpcshell/chrome/test/unit/test_bug519468.js | test passed (time: 51.848ms)
TEST-INFO | /home/groeg/JonDoBrowser/stable/testing/mozilla-central/obj-i686-pc-linux-gnu/_tests/xpcshell/chrome/test/unit/test_bug564667.js | running test ...
TEST-PASS | /home/groeg/JonDoBrowser/stable/testing/mozilla-central/obj-i686-pc-linux-gnu/_tests/xpcshell/chrome/test/unit/test_bug564667.js | test passed (time: 50.154ms)
TEST-INFO | /home/groeg/JonDoBrowser/stable/testing/mozilla-central/obj-i686-pc-linux-gnu/_tests/xpcshell/chrome/test/unit/test_crlf.js | running test ...
TEST-PASS | /home/groeg/JonDoBrowser/stable/testing/mozilla-central/obj-i686-pc-linux-gnu/_tests/xpcshell/chrome/test/unit/test_crlf.js | test passed (time: 39.764ms)
TEST-INFO | /home/groeg/JonDoBrowser/stable/testing/mozilla-central/obj-i686-pc-linux-gnu/_tests/xpcshell/chrome/test/unit/test_data_protocol_registration.js | running test ...
TEST-PASS | /home/groeg/JonDoBrowser/stable/testing/mozilla-central/obj-i686-pc-linux-gnu/_tests/xpcshell/chrome/test/unit/test_data_protocol_registration.js | test passed (time: 46.224ms)
TEST-INFO | /home/groeg/JonDoBrowser/stable/testing/mozilla-central/obj-i686-pc-linux-gnu/_tests/xpcshell/chrome/test/unit/test_no_remote_registration.js | running test ...
TEST-PASS | /home/groeg/JonDoBrowser/stable/testing/mozilla-central/obj-i686-pc-linux-gnu/_tests/xpcshell/chrome/test/unit/test_no_remote_registration.js | test passed (time: 50.485ms)
TEST-INFO | /home/groeg/JonDoBrowser/stable/testing/mozilla-central/obj-i686-pc-linux-gnu/_tests/xpcshell/chrome/test/unit/test_resolve_uris.js | running test ...
TEST-PASS | /home/groeg/JonDoBrowser/stable/testing/mozilla-central/obj-i686-pc-linux-gnu/_tests/xpcshell/chrome/test/unit/test_resolve_uris.js | test passed (time: 41.991ms)
TEST-INFO | skipping /home/groeg/JonDoBrowser/stable/testing/mozilla-central/obj-i686-pc-linux-gnu/_tests/xpcshell/intl/locale/tests/unit/test_bug22310.js | run-if: toolkit == "windows" || toolkit == "cocoa"
TEST-INFO | /home/groeg/JonDoBrowser/stable/testing/mozilla-central/obj-i686-pc-linux-gnu/_tests/xpcshell/intl/locale/tests/unit/test_bug371611.js | running test ...
TEST-PASS | /home/groeg/JonDoBrowser/stable/testing/mozilla-central/obj-i686-pc-linux-gnu/_tests/xpcshell/intl/locale/tests/unit/test_bug371611.js | test passed (time: 39.900ms)
TEST-INFO | /home/groeg/JonDoBrowser/stable/testing/mozilla-central/obj-i686-pc-linux-gnu/_tests/xpcshell/intl/locale/tests/unit/test_bug374040.js | running test ...
TEST-PASS | /home/groeg/JonDoBrowser/stable/testing/mozilla-central/obj-i686-pc-linux-gnu/_tests/xpcshell/intl/locale/tests/unit/test_bug374040.js | test passed (time: 41.166ms)
TEST-INFO | /home/groeg/JonDoBrowser/stable/testing/mozilla-central/obj-i686-pc-linux-gnu/_tests/xpcshell/intl/locale/tests/unit/test_pluralForm.js | running test ...
TEST-PASS | /home/groeg/JonDoBrowser/stable/testing/mozilla-central/obj-i686-pc-linux-gnu/_tests/xpcshell/intl/locale/tests/unit/test_pluralForm.js | test passed (time: 550.172ms)
TEST-INFO | /home/groeg/JonDoBrowser/stable/testing/mozilla-central/obj-i686-pc-linux-gnu/_tests/xpcshell/intl/locale/tests/unit/test_pluralForm_english.js | running test ...
TEST-PASS | /home/groeg/JonDoBrowser/stable/testing/mozilla-central/obj-i686-pc-linux-gnu/_tests/xpcshell/intl/locale/tests/unit/test_pluralForm_english.js | test passed (time: 53.387ms)
TEST-INFO | /home/groeg/JonDoBrowser/stable/testing/mozilla-central/obj-i686-pc-linux-gnu/_tests/xpcshell/intl/locale/tests/unit/test_pluralForm_makeGetter.js | running test ...
TEST-PASS | /home/groeg/JonDoBrowser/stable/testing/mozilla-central/obj-i686-pc-linux-gnu/_tests/xpcshell/intl/locale/tests/unit/test_pluralForm_makeGetter.js | test passed (time: 53.951ms)
TEST-INFO | /home/groeg/JonDoBrowser/stable/testing/mozilla-central/obj-i686-pc-linux-gnu/_tests/xpcshell/netwerk/cookie/test/unit/test_bug643051.js | running test ...
TEST-PASS | /home/groeg/JonDoBrowser/stable/testing/mozilla-central/obj-i686-pc-linux-gnu/_tests/xpcshell/netwerk/cookie/test/unit/test_bug643051.js | test passed (time: 42.676ms)
TEST-INFO | /home/groeg/JonDoBrowser/stable/testing/mozilla-central/obj-i686-pc-linux-gnu/_tests/xpcshell/netwerk/cookie/test/unit/test_parser_0001.js | running test ...
TEST-PASS | /home/groeg/JonDoBrowser/stable/testing/mozilla-central/obj-i686-pc-linux-gnu/_tests/xpcshell/netwerk/cookie/test/unit/test_parser_0001.js | test passed (time: 45.057ms)
TEST-INFO | /home/groeg/JonDoBrowser/stable/testing/mozilla-central/obj-i686-pc-linux-gnu/_tests/xpcshell/netwerk/cookie/test/unit/test_parser_0019.js | running test ...
TEST-PASS | /home/groeg/JonDoBrowser/stable/testing/mozilla-central/obj-i686-pc-linux-gnu/_tests/xpcshell/netwerk/cookie/test/unit/test_parser_0019.js | test passed (time: 45.373ms)
TEST-INFO | /home/groeg/JonDoBrowser/stable/testing/mozilla-central/obj-i686-pc-linux-gnu/_tests/xpcshell/modules/libjar/zipwriter/test/unit/test_asyncadd.js | running test ...
TEST-PASS | /home/groeg/JonDoBrowser/stable/testing/mozilla-central/obj-i686-pc-linux-gnu/_tests/xpcshell/modules/libjar/zipwriter/test/unit/test_asyncadd.js | test passed (time: 46.933ms)
TEST-INFO | /home/groeg/JonDoBrowser/stable/testing/mozilla-central/obj-i686-pc-linux-gnu/_tests/xpcshell/modules/libjar/zipwriter/test/unit/test_asyncbadadd.js | running test ...
TEST-PASS | /home/groeg/JonDoBrowser/stable/testing/mozilla-central/obj-i686-pc-linux-gnu/_tests/xpcshell/modules/libjar/zipwriter/test/unit/test_asyncbadadd.js | test passed (time: 42.942ms)
TEST-INFO | /home/groeg/JonDoBrowser/stable/testing/mozilla-central/obj-i686-pc-linux-gnu/_tests/xpcshell/modules/libjar/zipwriter/test/unit/test_asyncbadremove.js | running test ...
TEST-PASS | /home/groeg/JonDoBrowser/stable/testing/mozilla-central/obj-i686-pc-linux-gnu/_tests/xpcshell/modules/libjar/zipwriter/test/unit/test_asyncbadremove.js | test passed (time: 42.119ms)
TEST-INFO | /home/groeg/JonDoBrowser/stable/testing/mozilla-central/obj-i686-pc-linux-gnu/_tests/xpcshell/modules/libjar/zipwriter/test/unit/test_asyncremove.js | running test ...
TEST-PASS | /home/groeg/JonDoBrowser/stable/testing/mozilla-central/obj-i686-pc-linux-gnu/_tests/xpcshell/modules/libjar/zipwriter/test/unit/test_asyncremove.js | test passed (time: 52.607ms)
TEST-INFO | /home/groeg/JonDoBrowser/stable/testing/mozilla-central/obj-i686-pc-linux-gnu/_tests/xpcshell/modules/libjar/zipwriter/test/unit/test_bug399727.js | running test ...
TEST-PASS | /home/groeg/JonDoBrowser/stable/testing/mozilla-central/obj-i686-pc-linux-gnu/_tests/xpcshell/modules/libjar/zipwriter/test/unit/test_bug399727.js | test passed (time: 59.710ms)
TEST-INFO | /home/groeg/JonDoBrowser/stable/testing/mozilla-central/obj-i686-pc-linux-gnu/_tests/xpcshell/modules/libjar/zipwriter/test/unit/test_bug419769_1.js | running test ...
TEST-PASS | /home/groeg/JonDoBrowser/stable/testing/mozilla-central/obj-i686-pc-linux-gnu/_tests/xpcshell/modules/libjar/zipwriter/test/unit/test_bug419769_1.js | test passed (time: 42.904ms)
TEST-INFO | /home/groeg/JonDoBrowser/stable/testing/mozilla-central/obj-i686-pc-linux-gnu/_tests/xpcshell/modules/libjar/zipwriter/test/unit/test_bug419769_2.js | running test ...
TEST-PASS | /home/groeg/JonDoBrowser/stable/testing/mozilla-central/obj-i686-pc-linux-gnu/_tests/xpcshell/modules/libjar/zipwriter/test/unit/test_bug419769_2.js | test passed (time: 42.932ms)
TEST-INFO | /home/groeg/JonDoBrowser/stable/testing/mozilla-central/obj-i686-pc-linux-gnu/_tests/xpcshell/modules/libjar/zipwriter/test/unit/test_bug425768.js | running test ...
TEST-PASS | /home/groeg/JonDoBrowser/stable/testing/mozilla-central/obj-i686-pc-linux-gnu/_tests/xpcshell/modules/libjar/zipwriter/test/unit/test_bug425768.js | test passed (time: 42.944ms)
TEST-INFO | /home/groeg/JonDoBrowser/stable/testing/mozilla-central/obj-i686-pc-linux-gnu/_tests/xpcshell/modules/libjar/zipwriter/test/unit/test_bug433248.js | running test ...
TEST-PASS | /home/groeg/JonDoBrowser/stable/testing/mozilla-central/obj-i686-pc-linux-gnu/_tests/xpcshell/modules/libjar/zipwriter/test/unit/test_bug433248.js | test passed (time: 42.663ms)
TEST-INFO | /home/groeg/JonDoBrowser/stable/testing/mozilla-central/obj-i686-pc-linux-gnu/_tests/xpcshell/modules/libjar/zipwriter/test/unit/test_bug446708.js | running test ...
TEST-PASS | /home/groeg/JonDoBrowser/stable/testing/mozilla-central/obj-i686-pc-linux-gnu/_tests/xpcshell/modules/libjar/zipwriter/test/unit/test_bug446708.js | test passed (time: 43.011ms)
TEST-INFO | /home/groeg/JonDoBrowser/stable/testing/mozilla-central/obj-i686-pc-linux-gnu/_tests/xpcshell/modules/libjar/zipwriter/test/unit/test_bug467740.js | running test ...
TEST-PASS | /home/groeg/JonDoBrowser/stable/testing/mozilla-central/obj-i686-pc-linux-gnu/_tests/xpcshell/modules/libjar/zipwriter/test/unit/test_bug467740.js | test passed (time: 42.165ms)
TEST-INFO | /home/groeg/JonDoBrowser/stable/testing/mozilla-central/obj-i686-pc-linux-gnu/_tests/xpcshell/modules/libjar/zipwriter/test/unit/test_createempty.js | running test ...
TEST-PASS | /home/groeg/JonDoBrowser/stable/testing/mozilla-central/obj-i686-pc-linux-gnu/_tests/xpcshell/modules/libjar/zipwriter/test/unit/test_createempty.js | test passed (time: 44.164ms)
TEST-INFO | /home/groeg/JonDoBrowser/stable/testing/mozilla-central/obj-i686-pc-linux-gnu/_tests/xpcshell/modules/libjar/zipwriter/test/unit/test_deflatedata.js | running test ...
TEST-PASS | /home/groeg/JonDoBrowser/stable/testing/mozilla-central/obj-i686-pc-linux-gnu/_tests/xpcshell/modules/libjar/zipwriter/test/unit/test_deflatedata.js | test passed (time: 46.720ms)
TEST-INFO | /home/groeg/JonDoBrowser/stable/testing/mozilla-central/obj-i686-pc-linux-gnu/_tests/xpcshell/modules/libjar/zipwriter/test/unit/test_directory.js | running test ...
TEST-PASS | /home/groeg/JonDoBrowser/stable/testing/mozilla-central/obj-i686-pc-linux-gnu/_tests/xpcshell/modules/libjar/zipwriter/test/unit/test_directory.js | test passed (time: 45.801ms)
TEST-INFO | /home/groeg/JonDoBrowser/stable/testing/mozilla-central/obj-i686-pc-linux-gnu/_tests/xpcshell/modules/libjar/zipwriter/test/unit/test_editexisting.js | running test ...
TEST-PASS | /home/groeg/JonDoBrowser/stable/testing/mozilla-central/obj-i686-pc-linux-gnu/_tests/xpcshell/modules/libjar/zipwriter/test/unit/test_editexisting.js | test passed (time: 57.767ms)
TEST-INFO | /home/groeg/JonDoBrowser/stable/testing/mozilla-central/obj-i686-pc-linux-gnu/_tests/xpcshell/modules/libjar/zipwriter/test/unit/test_storedata.js | running test ...
TEST-PASS | /home/groeg/JonDoBrowser/stable/testing/mozilla-central/obj-i686-pc-linux-gnu/_tests/xpcshell/modules/libjar/zipwriter/test/unit/test_storedata.js | test passed (time: 60.280ms)
TEST-INFO | /home/groeg/JonDoBrowser/stable/testing/mozilla-central/obj-i686-pc-linux-gnu/_tests/xpcshell/modules/libjar/zipwriter/test/unit/test_sync.js | running test ...
TEST-PASS | /home/groeg/JonDoBrowser/stable/testing/mozilla-central/obj-i686-pc-linux-gnu/_tests/xpcshell/modules/libjar/zipwriter/test/unit/test_sync.js | test passed (time: 46.306ms)
TEST-INFO | /home/groeg/JonDoBrowser/stable/testing/mozilla-central/obj-i686-pc-linux-gnu/_tests/xpcshell/modules/libjar/zipwriter/test/unit/test_undochange.js | running test ...
TEST-PASS | /home/groeg/JonDoBrowser/stable/testing/mozilla-central/obj-i686-pc-linux-gnu/_tests/xpcshell/modules/libjar/zipwriter/test/unit/test_undochange.js | test passed (time: 57.484ms)
TEST-INFO | /home/groeg/JonDoBrowser/stable/testing/mozilla-central/obj-i686-pc-linux-gnu/_tests/xpcshell/modules/libjar/zipwriter/test/unit/test_zipcomment.js | running test ...
TEST-PASS | /home/groeg/JonDoBrowser/stable/testing/mozilla-central/obj-i686-pc-linux-gnu/_tests/xpcshell/modules/libjar/zipwriter/test/unit/test_zipcomment.js | test passed (time: 68.716ms)
TEST-INFO | /home/groeg/JonDoBrowser/stable/testing/mozilla-central/obj-i686-pc-linux-gnu/_tests/xpcshell/modules/libjar/zipwriter/test/unit/test_zippermissions.js | running test ...
TEST-PASS | /home/groeg/JonDoBrowser/stable/testing/mozilla-central/obj-i686-pc-linux-gnu/_tests/xpcshell/modules/libjar/zipwriter/test/unit/test_zippermissions.js | test passed (time: 131.236ms)
TEST-INFO | /home/groeg/JonDoBrowser/stable/testing/mozilla-central/obj-i686-pc-linux-gnu/_tests/xpcshell/modules/libjar/zipwriter/test/unit/test_bug717061.js | running test ...
TEST-PASS | /home/groeg/JonDoBrowser/stable/testing/mozilla-central/obj-i686-pc-linux-gnu/_tests/xpcshell/modules/libjar/zipwriter/test/unit/test_bug717061.js | test passed (time: 50.716ms)
TEST-INFO | /home/groeg/JonDoBrowser/stable/testing/mozilla-central/obj-i686-pc-linux-gnu/_tests/xpcshell/uriloader/exthandler/tests/unit/test_getTypeFromExtension_ext_to_type_mapping.js | running test ...
TEST-PASS | /home/groeg/JonDoBrowser/stable/testing/mozilla-central/obj-i686-pc-linux-gnu/_tests/xpcshell/uriloader/exthandler/tests/unit/test_getTypeFromExtension_ext_to_type_mapping.js | test passed (time: 241.113ms)
TEST-INFO | /home/groeg/JonDoBrowser/stable/testing/mozilla-central/obj-i686-pc-linux-gnu/_tests/xpcshell/uriloader/exthandler/tests/unit/test_getTypeFromExtension_with_empty_Content_Type.js | running test ...
TEST-PASS | /home/groeg/JonDoBrowser/stable/testing/mozilla-central/obj-i686-pc-linux-gnu/_tests/xpcshell/uriloader/exthandler/tests/unit/test_getTypeFromExtension_with_empty_Content_Type.js | test passed (time: 52.402ms)
TEST-INFO | /home/groeg/JonDoBrowser/stable/testing/mozilla-central/obj-i686-pc-linux-gnu/_tests/xpcshell/uriloader/exthandler/tests/unit/test_handlerService.js | running test ...
TEST-UNEXPECTED-FAIL | /home/groeg/JonDoBrowser/stable/testing/mozilla-central/obj-i686-pc-linux-gnu/_tests/xpcshell/uriloader/exthandler/tests/unit/test_handlerService.js | test failed (with xpcshell return code: 0), see following log:
>>>>>>>
*** HandlerServiceTest: getFile: requesting UMimTyp
*** HandlerServiceTest: getFile: requesting CurProcD
*** HandlerServiceTest: the following NS_ERROR_FAILURE exception in nsIDirectoryServiceProvider::getFile is expected, as we don't provide the 'CurProcD' file

TEST-INFO | (xpcshell/head.js) | test 1 pending
*** HandlerServiceTest: getFile: requesting ProfLDS
*** HandlerServiceTest: the following NS_ERROR_FAILURE exception in nsIDirectoryServiceProvider::getFile is expected, as we don't provide the 'ProfLDS' file
*** HandlerServiceTest: getFile: requesting ProfLDS
*** HandlerServiceTest: the following NS_ERROR_FAILURE exception in nsIDirectoryServiceProvider::getFile is expected, as we don't provide the 'ProfLDS' file
GConf Error: Failed to contact configuration server; some possible causes are that you need to enable TCP/IP networking for ORBit, or you have stale NFS locks due to a system crash. See http://projects.gnome.org/gconf/ for information. (Details -  1: Not running within active session)
*** HandlerServiceTest: getFile: requesting ProfLDS
*** HandlerServiceTest: the following NS_ERROR_FAILURE exception in nsIDirectoryServiceProvider::getFile is expected, as we don't provide the 'ProfLDS' file
GConf Error: Failed to contact configuration server; some possible causes are that you need to enable TCP/IP networking for ORBit, or you have stale NFS locks due to a system crash. See http://projects.gnome.org/gconf/ for information. (Details -  1: Not running within active session)
GConf Error: Failed to contact configuration server; some possible causes are that you need to enable TCP/IP networking for ORBit, or you have stale NFS locks due to a system crash. See http://projects.gnome.org/gconf/ for information. (Details -  1: Not running within active session)
GConf Error: Failed to contact configuration server; some possible causes are that you need to enable TCP/IP networking for ORBit, or you have stale NFS locks due to a system crash. See http://projects.gnome.org/gconf/ for information. (Details -  1: Not running within active session)
*** HandlerServiceTest: getFile: requesting TmpD
*** HandlerServiceTest: the following NS_ERROR_FAILURE exception in nsIDirectoryServiceProvider::getFile is expected, as we don't provide the 'TmpD' file
*** HandlerServiceTest: getFile: requesting Home
*** HandlerServiceTest: the following NS_ERROR_FAILURE exception in nsIDirectoryServiceProvider::getFile is expected, as we don't provide the 'Home' file

TEST-PASS | /home/groeg/JonDoBrowser/stable/testing/mozilla-central/obj-i686-pc-linux-gnu/_tests/xpcshell/uriloader/exthandler/tests/unit/test_handlerService.js | [run_test : 85] true == true

TEST-PASS | /home/groeg/JonDoBrowser/stable/testing/mozilla-central/obj-i686-pc-linux-gnu/_tests/xpcshell/uriloader/exthandler/tests/unit/test_handlerService.js | [run_test : 87] nonexistent/type == nonexistent/type

TEST-PASS | /home/groeg/JonDoBrowser/stable/testing/mozilla-central/obj-i686-pc-linux-gnu/_tests/xpcshell/uriloader/exthandler/tests/unit/test_handlerService.js | [run_test : 90] nonexistent/type == nonexistent/type

TEST-PASS | /home/groeg/JonDoBrowser/stable/testing/mozilla-central/obj-i686-pc-linux-gnu/_tests/xpcshell/uriloader/exthandler/tests/unit/test_handlerService.js | [run_test : 93] 0 == 0

TEST-PASS | /home/groeg/JonDoBrowser/stable/testing/mozilla-central/obj-i686-pc-linux-gnu/_tests/xpcshell/uriloader/exthandler/tests/unit/test_handlerService.js | [run_test : 94] null == null

TEST-PASS | /home/groeg/JonDoBrowser/stable/testing/mozilla-central/obj-i686-pc-linux-gnu/_tests/xpcshell/uriloader/exthandler/tests/unit/test_handlerService.js | [run_test : 95] 0 == 0

TEST-PASS | /home/groeg/JonDoBrowser/stable/testing/mozilla-central/obj-i686-pc-linux-gnu/_tests/xpcshell/uriloader/exthandler/tests/unit/test_handlerService.js | [run_test : 96] true == true

TEST-PASS | /home/groeg/JonDoBrowser/stable/testing/mozilla-central/obj-i686-pc-linux-gnu/_tests/xpcshell/uriloader/exthandler/tests/unit/test_handlerService.js | [run_test : 100]  == 

TEST-PASS | /home/groeg/JonDoBrowser/stable/testing/mozilla-central/obj-i686-pc-linux-gnu/_tests/xpcshell/uriloader/exthandler/tests/unit/test_handlerService.js | [run_test : 101] false == false

TEST-PASS | /home/groeg/JonDoBrowser/stable/testing/mozilla-central/obj-i686-pc-linux-gnu/_tests/xpcshell/uriloader/exthandler/tests/unit/test_handlerService.js | [run_test : 102]  == 
GConf Error: Failed to contact configuration server; some possible causes are that you need to enable TCP/IP networking for ORBit, or you have stale NFS locks due to a system crash. See http://projects.gnome.org/gconf/ for information. (Details -  1: Not running within active session)

TEST-PASS | /home/groeg/JonDoBrowser/stable/testing/mozilla-central/obj-i686-pc-linux-gnu/_tests/xpcshell/uriloader/exthandler/tests/unit/test_handlerService.js | [run_test : 124] 1 == 1

TEST-PASS | /home/groeg/JonDoBrowser/stable/testing/mozilla-central/obj-i686-pc-linux-gnu/_tests/xpcshell/uriloader/exthandler/tests/unit/test_handlerService.js | [run_test : 125] true == true
GConf Error: Failed to contact configuration server; some possible causes are that you need to enable TCP/IP networking for ORBit, or you have stale NFS locks due to a system crash. See http://projects.gnome.org/gconf/ for information. (Details -  1: Not running within active session)

TEST-PASS | /home/groeg/JonDoBrowser/stable/testing/mozilla-central/obj-i686-pc-linux-gnu/_tests/xpcshell/uriloader/exthandler/tests/unit/test_handlerService.js | [run_test : 132] 0 == 0

TEST-UNEXPECTED-FAIL | /home/groeg/JonDoBrowser/stable/testing/mozilla-central/obj-i686-pc-linux-gnu/_tests/xpcshell/uriloader/exthandler/tests/unit/test_handlerService.js | true == false - See following stack:
JS frame :: /home/groeg/JonDoBrowser/stable/testing/mozilla-central/testing/xpcshell/head.js :: do_throw :: line 461
JS frame :: /home/groeg/JonDoBrowser/stable/testing/mozilla-central/testing/xpcshell/head.js :: _do_check_eq :: line 555
JS frame :: /home/groeg/JonDoBrowser/stable/testing/mozilla-central/testing/xpcshell/head.js :: do_check_eq :: line 576
JS frame :: /home/groeg/JonDoBrowser/stable/testing/mozilla-central/testing/xpcshell/head.js :: do_check_false :: line 604
JS frame :: /home/groeg/JonDoBrowser/stable/testing/mozilla-central/obj-i686-pc-linux-gnu/_tests/xpcshell/uriloader/exthandler/tests/unit/test_handlerService.js :: run_test :: line 133
JS frame :: /home/groeg/JonDoBrowser/stable/testing/mozilla-central/testing/xpcshell/head.js :: _execute_test :: line 325
JS frame :: -e :: <TOP_LEVEL> :: line 1
native frame :: <unknown filename> :: <TOP_LEVEL> :: line 0

TEST-INFO | (xpcshell/head.js) | exiting test
<<<<<<<
TEST-INFO | /home/groeg/JonDoBrowser/stable/testing/mozilla-central/obj-i686-pc-linux-gnu/_tests/xpcshell/uriloader/exthandler/tests/unit/test_punycodeURIs.js | running test ...
TEST-PASS | /home/groeg/JonDoBrowser/stable/testing/mozilla-central/obj-i686-pc-linux-gnu/_tests/xpcshell/uriloader/exthandler/tests/unit/test_punycodeURIs.js | test passed (time: 1074.708ms)
TEST-INFO | /home/groeg/JonDoBrowser/stable/testing/mozilla-central/obj-i686-pc-linux-gnu/_tests/xpcshell/parser/xml/test/unit/test_parser.js | running test ...
TEST-PASS | /home/groeg/JonDoBrowser/stable/testing/mozilla-central/obj-i686-pc-linux-gnu/_tests/xpcshell/parser/xml/test/unit/test_parser.js | test passed (time: 40.555ms)
TEST-INFO | /home/groeg/JonDoBrowser/stable/testing/mozilla-central/obj-i686-pc-linux-gnu/_tests/xpcshell/parser/xml/test/unit/test_namespace_support.js | running test ...
TEST-PASS | /home/groeg/JonDoBrowser/stable/testing/mozilla-central/obj-i686-pc-linux-gnu/_tests/xpcshell/parser/xml/test/unit/test_namespace_support.js | test passed (time: 42.078ms)
TEST-INFO | /home/groeg/JonDoBrowser/stable/testing/mozilla-central/obj-i686-pc-linux-gnu/_tests/xpcshell/parser/xml/test/unit/test_xml_declaration.js | running test ...
TEST-PASS | /home/groeg/JonDoBrowser/stable/testing/mozilla-central/obj-i686-pc-linux-gnu/_tests/xpcshell/parser/xml/test/unit/test_xml_declaration.js | test passed (time: 41.368ms)
TEST-INFO | /home/groeg/JonDoBrowser/stable/testing/mozilla-central/obj-i686-pc-linux-gnu/_tests/xpcshell/image/test/unit/test_async_notification.js | running test ...
TEST-PASS | /home/groeg/JonDoBrowser/stable/testing/mozilla-central/obj-i686-pc-linux-gnu/_tests/xpcshell/image/test/unit/test_async_notification.js | test passed (time: 57.985ms)
TEST-INFO | /home/groeg/JonDoBrowser/stable/testing/mozilla-central/obj-i686-pc-linux-gnu/_tests/xpcshell/image/test/unit/test_async_notification_404.js | running test ...
TEST-PASS | /home/groeg/JonDoBrowser/stable/testing/mozilla-central/obj-i686-pc-linux-gnu/_tests/xpcshell/image/test/unit/test_async_notification_404.js | test passed (time: 72.047ms)
TEST-INFO | /home/groeg/JonDoBrowser/stable/testing/mozilla-central/obj-i686-pc-linux-gnu/_tests/xpcshell/image/test/unit/test_async_notification_animated.js | running test ...
TEST-PASS | /home/groeg/JonDoBrowser/stable/testing/mozilla-central/obj-i686-pc-linux-gnu/_tests/xpcshell/image/test/unit/test_async_notification_animated.js | test passed (time: 54.735ms)
TEST-INFO | /home/groeg/JonDoBrowser/stable/testing/mozilla-central/obj-i686-pc-linux-gnu/_tests/xpcshell/image/test/unit/test_encoder_apng.js | running test ...
TEST-PASS | /home/groeg/JonDoBrowser/stable/testing/mozilla-central/obj-i686-pc-linux-gnu/_tests/xpcshell/image/test/unit/test_encoder_apng.js | test passed (time: 45.438ms)
TEST-INFO | /home/groeg/JonDoBrowser/stable/testing/mozilla-central/obj-i686-pc-linux-gnu/_tests/xpcshell/image/test/unit/test_encoder_png.js | running test ...
TEST-PASS | /home/groeg/JonDoBrowser/stable/testing/mozilla-central/obj-i686-pc-linux-gnu/_tests/xpcshell/image/test/unit/test_encoder_png.js | test passed (time: 115.922ms)
TEST-INFO | /home/groeg/JonDoBrowser/stable/testing/mozilla-central/obj-i686-pc-linux-gnu/_tests/xpcshell/image/test/unit/test_imgtools.js | running test ...
TEST-PASS | /home/groeg/JonDoBrowser/stable/testing/mozilla-central/obj-i686-pc-linux-gnu/_tests/xpcshell/image/test/unit/test_imgtools.js | test passed (time: 71.410ms)
TEST-INFO | /home/groeg/JonDoBrowser/stable/testing/mozilla-central/obj-i686-pc-linux-gnu/_tests/xpcshell/image/test/unit/test_moz_icon_uri.js | running test ...
TEST-PASS | /home/groeg/JonDoBrowser/stable/testing/mozilla-central/obj-i686-pc-linux-gnu/_tests/xpcshell/image/test/unit/test_moz_icon_uri.js | test passed (time: 47.209ms)
TEST-INFO | /home/groeg/JonDoBrowser/stable/testing/mozilla-central/obj-i686-pc-linux-gnu/_tests/xpcshell/image/test/unit/test_private_channel.js | running test ...
TEST-PASS | /home/groeg/JonDoBrowser/stable/testing/mozilla-central/obj-i686-pc-linux-gnu/_tests/xpcshell/image/test/unit/test_private_channel.js | test passed (time: 6086.392ms)
TEST-INFO | /home/groeg/JonDoBrowser/stable/testing/mozilla-central/obj-i686-pc-linux-gnu/_tests/xpcshell/dom/activities/tests/unit/test_activityFilters.js | running test ...
TEST-PASS | /home/groeg/JonDoBrowser/stable/testing/mozilla-central/obj-i686-pc-linux-gnu/_tests/xpcshell/dom/activities/tests/unit/test_activityFilters.js | test passed (time: 58.940ms)
TEST-INFO | /home/groeg/JonDoBrowser/stable/testing/mozilla-central/obj-i686-pc-linux-gnu/_tests/xpcshell/dom/encoding/test/unit/test_big5.js | running test ...
TEST-PASS | /home/groeg/JonDoBrowser/stable/testing/mozilla-central/obj-i686-pc-linux-gnu/_tests/xpcshell/dom/encoding/test/unit/test_big5.js | test passed (time: 89.370ms)
TEST-INFO | /home/groeg/JonDoBrowser/stable/testing/mozilla-central/obj-i686-pc-linux-gnu/_tests/xpcshell/dom/encoding/test/unit/test_euc-jp.js | running test ...
TEST-PASS | /home/groeg/JonDoBrowser/stable/testing/mozilla-central/obj-i686-pc-linux-gnu/_tests/xpcshell/dom/encoding/test/unit/test_euc-jp.js | test passed (time: 56.229ms)
TEST-INFO | /home/groeg/JonDoBrowser/stable/testing/mozilla-central/obj-i686-pc-linux-gnu/_tests/xpcshell/dom/encoding/test/unit/test_euc-kr.js | running test ...
TEST-PASS | /home/groeg/JonDoBrowser/stable/testing/mozilla-central/obj-i686-pc-linux-gnu/_tests/xpcshell/dom/encoding/test/unit/test_euc-kr.js | test passed (time: 63.471ms)
TEST-INFO | /home/groeg/JonDoBrowser/stable/testing/mozilla-central/obj-i686-pc-linux-gnu/_tests/xpcshell/dom/encoding/test/unit/test_gbk.js | running test ...
TEST-PASS | /home/groeg/JonDoBrowser/stable/testing/mozilla-central/obj-i686-pc-linux-gnu/_tests/xpcshell/dom/encoding/test/unit/test_gbk.js | test passed (time: 93.355ms)
TEST-INFO | /home/groeg/JonDoBrowser/stable/testing/mozilla-central/obj-i686-pc-linux-gnu/_tests/xpcshell/dom/encoding/test/unit/test_hz-gb-2312.js | running test ...
TEST-PASS | /home/groeg/JonDoBrowser/stable/testing/mozilla-central/obj-i686-pc-linux-gnu/_tests/xpcshell/dom/encoding/test/unit/test_hz-gb-2312.js | test passed (time: 58.508ms)
TEST-INFO | /home/groeg/JonDoBrowser/stable/testing/mozilla-central/obj-i686-pc-linux-gnu/_tests/xpcshell/dom/encoding/test/unit/test_iso-2022-jp.js | running test ...
TEST-PASS | /home/groeg/JonDoBrowser/stable/testing/mozilla-central/obj-i686-pc-linux-gnu/_tests/xpcshell/dom/encoding/test/unit/test_iso-2022-jp.js | test passed (time: 56.683ms)
TEST-INFO | /home/groeg/JonDoBrowser/stable/testing/mozilla-central/obj-i686-pc-linux-gnu/_tests/xpcshell/dom/encoding/test/unit/test_iso-2022-kr.js | running test ...
TEST-PASS | /home/groeg/JonDoBrowser/stable/testing/mozilla-central/obj-i686-pc-linux-gnu/_tests/xpcshell/dom/encoding/test/unit/test_iso-2022-kr.js | test passed (time: 61.915ms)
TEST-INFO | /home/groeg/JonDoBrowser/stable/testing/mozilla-central/obj-i686-pc-linux-gnu/_tests/xpcshell/dom/encoding/test/unit/test_shift_jis.js | running test ...
TEST-PASS | /home/groeg/JonDoBrowser/stable/testing/mozilla-central/obj-i686-pc-linux-gnu/_tests/xpcshell/dom/encoding/test/unit/test_shift_jis.js | test passed (time: 57.183ms)
TEST-INFO | /home/groeg/JonDoBrowser/stable/testing/mozilla-central/obj-i686-pc-linux-gnu/_tests/xpcshell/dom/encoding/test/unit/test_singlebytes.js | running test ...
TEST-PASS | /home/groeg/JonDoBrowser/stable/testing/mozilla-central/obj-i686-pc-linux-gnu/_tests/xpcshell/dom/encoding/test/unit/test_singlebytes.js | test passed (time: 2894.452ms)
TEST-INFO | /home/groeg/JonDoBrowser/stable/testing/mozilla-central/obj-i686-pc-linux-gnu/_tests/xpcshell/dom/plugins/test/unit/test_bug455213.js | running test ...
TEST-UNEXPECTED-FAIL | /home/groeg/JonDoBrowser/stable/testing/mozilla-central/obj-i686-pc-linux-gnu/_tests/xpcshell/dom/plugins/test/unit/test_bug455213.js | test failed (with xpcshell return code: 0), see following log:
>>>>>>>

TEST-INFO | (xpcshell/head.js) | test 1 pending

TEST-UNEXPECTED-FAIL | /home/groeg/JonDoBrowser/stable/testing/mozilla-central/obj-i686-pc-linux-gnu/_tests/xpcshell/dom/plugins/test/unit/test_bug455213.js | Plugin library not found - See following stack:
JS frame :: /home/groeg/JonDoBrowser/stable/testing/mozilla-central/testing/xpcshell/head.js :: do_throw :: line 461
JS frame :: /home/groeg/JonDoBrowser/stable/testing/mozilla-central/obj-i686-pc-linux-gnu/_tests/xpcshell/dom/plugins/test/unit/test_bug455213.js :: run_test :: line 66
JS frame :: /home/groeg/JonDoBrowser/stable/testing/mozilla-central/testing/xpcshell/head.js :: _execute_test :: line 325
JS frame :: -e :: <TOP_LEVEL> :: line 1
native frame :: <unknown filename> :: <TOP_LEVEL> :: line 0

TEST-INFO | (xpcshell/head.js) | exiting test
<<<<<<<
TEST-INFO | /home/groeg/JonDoBrowser/stable/testing/mozilla-central/obj-i686-pc-linux-gnu/_tests/xpcshell/dom/plugins/test/unit/test_bug471245.js | running test ...
TEST-UNEXPECTED-FAIL | /home/groeg/JonDoBrowser/stable/testing/mozilla-central/obj-i686-pc-linux-gnu/_tests/xpcshell/dom/plugins/test/unit/test_bug471245.js | test failed (with xpcshell return code: 0), see following log:
>>>>>>>

TEST-INFO | (xpcshell/head.js) | test 1 pending

TEST-PASS | /home/groeg/JonDoBrowser/stable/testing/mozilla-central/obj-i686-pc-linux-gnu/_tests/xpcshell/dom/plugins/test/unit/test_bug471245.js | [run_test : 58] true == true

TEST-UNEXPECTED-FAIL | /home/groeg/JonDoBrowser/stable/testing/mozilla-central/obj-i686-pc-linux-gnu/_tests/xpcshell/dom/plugins/test/unit/test_bug471245.js | true == false - See following stack:
JS frame :: /home/groeg/JonDoBrowser/stable/testing/mozilla-central/testing/xpcshell/head.js :: do_throw :: line 461
JS frame :: /home/groeg/JonDoBrowser/stable/testing/mozilla-central/testing/xpcshell/head.js :: _do_check_eq :: line 555
JS frame :: /home/groeg/JonDoBrowser/stable/testing/mozilla-central/testing/xpcshell/head.js :: do_check_eq :: line 576
JS frame :: /home/groeg/JonDoBrowser/stable/testing/mozilla-central/testing/xpcshell/head.js :: do_check_false :: line 604
JS frame :: /home/groeg/JonDoBrowser/stable/testing/mozilla-central/obj-i686-pc-linux-gnu/_tests/xpcshell/dom/plugins/test/unit/test_bug471245.js :: run_test :: line 64
JS frame :: /home/groeg/JonDoBrowser/stable/testing/mozilla-central/testing/xpcshell/head.js :: _execute_test :: line 325
JS frame :: -e :: <TOP_LEVEL> :: line 1
native frame :: <unknown filename> :: <TOP_LEVEL> :: line 0

TEST-INFO | (xpcshell/head.js) | exiting test
<<<<<<<
TEST-INFO | /home/groeg/JonDoBrowser/stable/testing/mozilla-central/obj-i686-pc-linux-gnu/_tests/xpcshell/dom/sms/tests/test_smsservice_createsmsmessage.js | running test ...
TEST-PASS | /home/groeg/JonDoBrowser/stable/testing/mozilla-central/obj-i686-pc-linux-gnu/_tests/xpcshell/dom/sms/tests/test_smsservice_createsmsmessage.js | test passed (time: 47.585ms)
TEST-INFO | /home/groeg/JonDoBrowser/stable/testing/mozilla-central/obj-i686-pc-linux-gnu/_tests/xpcshell/dom/network/tests/unit/test_tcpsocket.js | running test ...
TEST-PASS | /home/groeg/JonDoBrowser/stable/testing/mozilla-central/obj-i686-pc-linux-gnu/_tests/xpcshell/dom/network/tests/unit/test_tcpsocket.js | test passed (time: 206.376ms)
TEST-INFO | /home/groeg/JonDoBrowser/stable/testing/mozilla-central/obj-i686-pc-linux-gnu/_tests/xpcshell/dom/network/tests/unit_ipc/test_tcpsocket_ipc.js | running test ...
TEST-UNEXPECTED-FAIL | /home/groeg/JonDoBrowser/stable/testing/mozilla-central/obj-i686-pc-linux-gnu/_tests/xpcshell/dom/network/tests/unit_ipc/test_tcpsocket_ipc.js | test failed (with xpcshell return code: -2), see following log:
>>>>>>>

TEST-INFO | (xpcshell/head.js) | test 1 pending

parent: TEST-INFO | (xpcshell/head.js) | test 2 pending

parent: TEST-INFO | (xpcshell/head.js) | test 2 finished

parent: TEST-INFO | (xpcshell/head.js) | running event loop

(<unknown>:25438): Gtk-WARNING **: cannot open display: 
<<<<<<<
TEST-UNEXPECTED-FAIL | Received SIGINT (control-C) during test execution
INFO | Result summary:
INFO | Passed: 68
INFO | Failed: 4
INFO | Todo: 0
TEST-UNEXPECTED-FAIL | Received SIGINT (control-C), so stopped run. (Use --keep-going to keep running tests after killing one with SIGINT)
